[Time: 21:24 PM # Date: 20/03/2023] [INFO ] [File: org.calculator.Calculator # Line: 126] --> Calculating 1.0! [! mean factorial].
[Time: 21:24 PM # Date: 20/03/2023] [INFO ] [File: org.calculator.Calculator # Line: 131] --> Result: 1.0! = 1.0.
[Time: 21:24 PM # Date: 20/03/2023] [INFO ] [File: org.calculator.Calculator # Line: 126] --> Calculating 2.0! [! mean factorial].
[Time: 21:24 PM # Date: 20/03/2023] [INFO ] [File: org.calculator.Calculator # Line: 131] --> Result: 2.0! = 2.0.
[Time: 21:24 PM # Date: 20/03/2023] [INFO ] [File: org.calculator.Calculator # Line: 126] --> Calculating 3.0! [! mean factorial].
[Time: 21:24 PM # Date: 20/03/2023] [INFO ] [File: org.calculator.Calculator # Line: 131] --> Result: 3.0! = 6.0.
[Time: 21:24 PM # Date: 20/03/2023] [INFO ] [File: org.calculator.Calculator # Line: 126] --> Calculating 4.0! [! mean factorial].
[Time: 21:24 PM # Date: 20/03/2023] [INFO ] [File: org.calculator.Calculator # Line: 131] --> Result: 4.0! = 24.0.
[Time: 21:24 PM # Date: 20/03/2023] [INFO ] [File: org.calculator.Calculator # Line: 126] --> Calculating 5.0! [! mean factorial].
[Time: 21:24 PM # Date: 20/03/2023] [INFO ] [File: org.calculator.Calculator # Line: 131] --> Result: 5.0! = 120.0.
[Time: 21:24 PM # Date: 20/03/2023] [INFO ] [File: org.calculator.Calculator # Line: 136] --> Calculating square root of 16.0.
[Time: 21:24 PM # Date: 20/03/2023] [INFO ] [File: org.calculator.Calculator # Line: 138] --> Result: 16.0^0.5 = 4.0.
[Time: 21:24 PM # Date: 20/03/2023] [INFO ] [File: org.calculator.Calculator # Line: 136] --> Calculating square root of 4.0.
[Time: 21:24 PM # Date: 20/03/2023] [INFO ] [File: org.calculator.Calculator # Line: 138] --> Result: 4.0^0.5 = 2.0.
[Time: 21:24 PM # Date: 20/03/2023] [INFO ] [File: org.calculator.Calculator # Line: 136] --> Calculating square root of 9.0.
[Time: 21:24 PM # Date: 20/03/2023] [INFO ] [File: org.calculator.Calculator # Line: 138] --> Result: 9.0^0.5 = 3.0.
[Time: 21:24 PM # Date: 20/03/2023] [INFO ] [File: org.calculator.Calculator # Line: 136] --> Calculating square root of 25.0.
[Time: 21:24 PM # Date: 20/03/2023] [INFO ] [File: org.calculator.Calculator # Line: 138] --> Result: 25.0^0.5 = 5.0.
[Time: 21:24 PM # Date: 20/03/2023] [INFO ] [File: org.calculator.Calculator # Line: 136] --> Calculating square root of 36.0.
[Time: 21:24 PM # Date: 20/03/2023] [INFO ] [File: org.calculator.Calculator # Line: 138] --> Result: 36.0^0.5 = 6.0.
[Time: 21:24 PM # Date: 20/03/2023] [INFO ] [File: org.calculator.Calculator # Line: 119] --> Calculating log(2.0).
[Time: 21:24 PM # Date: 20/03/2023] [INFO ] [File: org.calculator.Calculator # Line: 121] --> Result: log(2.0) = 0.6931471805599453.
[Time: 21:24 PM # Date: 20/03/2023] [INFO ] [File: org.calculator.Calculator # Line: 119] --> Calculating log(3.0).
[Time: 21:24 PM # Date: 20/03/2023] [INFO ] [File: org.calculator.Calculator # Line: 121] --> Result: log(3.0) = 1.0986122886681098.
[Time: 21:24 PM # Date: 20/03/2023] [INFO ] [File: org.calculator.Calculator # Line: 119] --> Calculating log(4.0).
[Time: 21:24 PM # Date: 20/03/2023] [INFO ] [File: org.calculator.Calculator # Line: 121] --> Result: log(4.0) = 1.3862943611198906.
[Time: 21:24 PM # Date: 20/03/2023] [INFO ] [File: org.calculator.Calculator # Line: 119] --> Calculating log(5.0).
[Time: 21:24 PM # Date: 20/03/2023] [INFO ] [File: org.calculator.Calculator # Line: 121] --> Result: log(5.0) = 1.6094379124341003.
[Time: 21:24 PM # Date: 20/03/2023] [INFO ] [File: org.calculator.Calculator # Line: 119] --> Calculating log(6.0).
[Time: 21:24 PM # Date: 20/03/2023] [INFO ] [File: org.calculator.Calculator # Line: 121] --> Result: log(6.0) = 1.791759469228055.
[Time: 21:24 PM # Date: 20/03/2023] [INFO ] [File: org.calculator.Calculator # Line: 136] --> Calculating square root of 16.0.
[Time: 21:24 PM # Date: 20/03/2023] [INFO ] [File: org.calculator.Calculator # Line: 138] --> Result: 16.0^0.5 = 4.0.
[Time: 21:24 PM # Date: 20/03/2023] [INFO ] [File: org.calculator.Calculator # Line: 136] --> Calculating square root of 4.0.
[Time: 21:24 PM # Date: 20/03/2023] [INFO ] [File: org.calculator.Calculator # Line: 138] --> Result: 4.0^0.5 = 2.0.
[Time: 21:24 PM # Date: 20/03/2023] [INFO ] [File: org.calculator.Calculator # Line: 136] --> Calculating square root of 9.0.
[Time: 21:24 PM # Date: 20/03/2023] [INFO ] [File: org.calculator.Calculator # Line: 138] --> Result: 9.0^0.5 = 3.0.
[Time: 21:24 PM # Date: 20/03/2023] [INFO ] [File: org.calculator.Calculator # Line: 136] --> Calculating square root of 25.0.
[Time: 21:24 PM # Date: 20/03/2023] [INFO ] [File: org.calculator.Calculator # Line: 138] --> Result: 25.0^0.5 = 5.0.
[Time: 21:24 PM # Date: 20/03/2023] [INFO ] [File: org.calculator.Calculator # Line: 136] --> Calculating square root of 36.0.
[Time: 21:24 PM # Date: 20/03/2023] [INFO ] [File: org.calculator.Calculator # Line: 138] --> Result: 36.0^0.5 = 6.0.
[Time: 21:24 PM # Date: 20/03/2023] [INFO ] [File: org.calculator.Calculator # Line: 119] --> Calculating log(2.0).
[Time: 21:24 PM # Date: 20/03/2023] [INFO ] [File: org.calculator.Calculator # Line: 121] --> Result: log(2.0) = 0.6931471805599453.
[Time: 21:24 PM # Date: 20/03/2023] [INFO ] [File: org.calculator.Calculator # Line: 119] --> Calculating log(3.0).
[Time: 21:24 PM # Date: 20/03/2023] [INFO ] [File: org.calculator.Calculator # Line: 121] --> Result: log(3.0) = 1.0986122886681098.
[Time: 21:24 PM # Date: 20/03/2023] [INFO ] [File: org.calculator.Calculator # Line: 119] --> Calculating log(4.0).
[Time: 21:24 PM # Date: 20/03/2023] [INFO ] [File: org.calculator.Calculator # Line: 121] --> Result: log(4.0) = 1.3862943611198906.
[Time: 21:24 PM # Date: 20/03/2023] [INFO ] [File: org.calculator.Calculator # Line: 119] --> Calculating log(5.0).
[Time: 21:24 PM # Date: 20/03/2023] [INFO ] [File: org.calculator.Calculator # Line: 121] --> Result: log(5.0) = 1.6094379124341003.
[Time: 21:24 PM # Date: 20/03/2023] [INFO ] [File: org.calculator.Calculator # Line: 119] --> Calculating log(6.0).
[Time: 21:24 PM # Date: 20/03/2023] [INFO ] [File: org.calculator.Calculator # Line: 121] --> Result: log(6.0) = 1.791759469228055.
[Time: 21:24 PM # Date: 20/03/2023] [INFO ] [File: org.calculator.Calculator # Line: 126] --> Calculating 1.0! [! mean factorial].
[Time: 21:24 PM # Date: 20/03/2023] [INFO ] [File: org.calculator.Calculator # Line: 131] --> Result: 1.0! = 1.0.
[Time: 21:24 PM # Date: 20/03/2023] [INFO ] [File: org.calculator.Calculator # Line: 126] --> Calculating 2.0! [! mean factorial].
[Time: 21:24 PM # Date: 20/03/2023] [INFO ] [File: org.calculator.Calculator # Line: 131] --> Result: 2.0! = 2.0.
[Time: 21:24 PM # Date: 20/03/2023] [INFO ] [File: org.calculator.Calculator # Line: 126] --> Calculating 3.0! [! mean factorial].
[Time: 21:24 PM # Date: 20/03/2023] [INFO ] [File: org.calculator.Calculator # Line: 131] --> Result: 3.0! = 6.0.
[Time: 21:24 PM # Date: 20/03/2023] [INFO ] [File: org.calculator.Calculator # Line: 126] --> Calculating 4.0! [! mean factorial].
[Time: 21:24 PM # Date: 20/03/2023] [INFO ] [File: org.calculator.Calculator # Line: 131] --> Result: 4.0! = 24.0.
[Time: 21:24 PM # Date: 20/03/2023] [INFO ] [File: org.calculator.Calculator # Line: 126] --> Calculating 5.0! [! mean factorial].
[Time: 21:24 PM # Date: 20/03/2023] [INFO ] [File: org.calculator.Calculator # Line: 131] --> Result: 5.0! = 120.0.
[Time: 21:24 PM # Date: 20/03/2023] [INFO ] [File: org.calculator.Calculator # Line: 112] --> Calculating 1.0^2.0.
[Time: 21:24 PM # Date: 20/03/2023] [INFO ] [File: org.calculator.Calculator # Line: 114] --> Result: 1.0^2.0 = 1.0.
[Time: 21:24 PM # Date: 20/03/2023] [INFO ] [File: org.calculator.Calculator # Line: 112] --> Calculating 2.0^2.0.
[Time: 21:24 PM # Date: 20/03/2023] [INFO ] [File: org.calculator.Calculator # Line: 114] --> Result: 2.0^2.0 = 4.0.
[Time: 21:24 PM # Date: 20/03/2023] [INFO ] [File: org.calculator.Calculator # Line: 112] --> Calculating 3.0^2.0.
[Time: 21:24 PM # Date: 20/03/2023] [INFO ] [File: org.calculator.Calculator # Line: 114] --> Result: 3.0^2.0 = 9.0.
[Time: 21:24 PM # Date: 20/03/2023] [INFO ] [File: org.calculator.Calculator # Line: 112] --> Calculating 4.0^2.0.
[Time: 21:24 PM # Date: 20/03/2023] [INFO ] [File: org.calculator.Calculator # Line: 114] --> Result: 4.0^2.0 = 16.0.
[Time: 21:24 PM # Date: 20/03/2023] [INFO ] [File: org.calculator.Calculator # Line: 112] --> Calculating 5.0^2.0.
[Time: 21:24 PM # Date: 20/03/2023] [INFO ] [File: org.calculator.Calculator # Line: 114] --> Result: 5.0^2.0 = 25.0.
[Time: 21:24 PM # Date: 20/03/2023] [INFO ] [File: org.calculator.Calculator # Line: 112] --> Calculating 1.0^2.0.
[Time: 21:24 PM # Date: 20/03/2023] [INFO ] [File: org.calculator.Calculator # Line: 114] --> Result: 1.0^2.0 = 1.0.
[Time: 21:24 PM # Date: 20/03/2023] [INFO ] [File: org.calculator.Calculator # Line: 112] --> Calculating 2.0^2.0.
[Time: 21:24 PM # Date: 20/03/2023] [INFO ] [File: org.calculator.Calculator # Line: 114] --> Result: 2.0^2.0 = 4.0.
[Time: 21:24 PM # Date: 20/03/2023] [INFO ] [File: org.calculator.Calculator # Line: 112] --> Calculating 3.0^2.0.
[Time: 21:24 PM # Date: 20/03/2023] [INFO ] [File: org.calculator.Calculator # Line: 114] --> Result: 3.0^2.0 = 9.0.
[Time: 21:24 PM # Date: 20/03/2023] [INFO ] [File: org.calculator.Calculator # Line: 112] --> Calculating 4.0^2.0.
[Time: 21:24 PM # Date: 20/03/2023] [INFO ] [File: org.calculator.Calculator # Line: 114] --> Result: 4.0^2.0 = 16.0.
[Time: 21:24 PM # Date: 20/03/2023] [INFO ] [File: org.calculator.Calculator # Line: 112] --> Calculating 5.0^2.0.
[Time: 21:24 PM # Date: 20/03/2023] [INFO ] [File: org.calculator.Calculator # Line: 114] --> Result: 5.0^2.0 = 25.0.
