2023-03-30 18:42:54.659 [main] INFO  org.calculator.Calculator - Starting the Calculator Application.
2023-03-30 18:42:54.670 [main] INFO  org.calculator.Calculator - Showing the options to the user.
2023-03-30 18:42:57.117 [main] INFO  org.calculator.Calculator - User's choice is: 1
2023-03-30 18:42:57.118 [main] INFO  org.calculator.Calculator - Using square root function...
2023-03-30 18:42:59.237 [main] INFO  org.calculator.Calculator - User's input for square root: 234.0
2023-03-30 18:42:59.239 [main] INFO  org.calculator.Calculator - Calculating square root of 234.0.
2023-03-30 18:42:59.259 [main] INFO  org.calculator.Calculator - Result: 234.0^0.5 = 15.297058540778355.
2023-03-30 18:42:59.272 [main] INFO  org.calculator.Calculator - Showing the options to the user.
2023-03-30 18:43:01.307 [main] INFO  org.calculator.Calculator - User's choice is: 2
2023-03-30 18:43:01.308 [main] INFO  org.calculator.Calculator - Using the factorial function...
2023-03-30 18:43:03.961 [main] INFO  org.calculator.Calculator - User's input for factorial: 3.0
2023-03-30 18:43:03.963 [main] INFO  org.calculator.Calculator - Calculating 3.0! [! mean factorial].
2023-03-30 18:43:03.965 [main] INFO  org.calculator.Calculator - Result: 3.0! = 6.0.
2023-03-30 18:43:03.967 [main] INFO  org.calculator.Calculator - Showing the options to the user.
2023-03-30 18:43:06.318 [main] INFO  org.calculator.Calculator - User's choice is: 3
2023-03-30 18:43:06.319 [main] INFO  org.calculator.Calculator - Using the natural log function...
2023-03-30 18:43:07.934 [main] INFO  org.calculator.Calculator - User's input for square root: 12345.0
2023-03-30 18:43:07.936 [main] INFO  org.calculator.Calculator - Calculating log(12345.0).
2023-03-30 18:43:07.937 [main] INFO  org.calculator.Calculator - Result: log(12345.0) = 9.42100640177928.
2023-03-30 18:43:07.939 [main] INFO  org.calculator.Calculator - Showing the options to the user.
2023-03-30 18:43:09.385 [main] INFO  org.calculator.Calculator - User's choice is: 1
2023-03-30 18:43:09.386 [main] INFO  org.calculator.Calculator - Using square root function...
2023-03-30 18:43:11.578 [main] INFO  org.calculator.Calculator - User's input for square root: 2.34566435E8
2023-03-30 18:43:11.578 [main] INFO  org.calculator.Calculator - Calculating square root of 2.34566435E8.
2023-03-30 18:43:11.579 [main] INFO  org.calculator.Calculator - Result: 2.34566435E8^0.5 = 15315.561857143864.
2023-03-30 18:43:11.579 [main] INFO  org.calculator.Calculator - Showing the options to the user.
2023-03-30 18:43:18.341 [main] INFO  org.calculator.Calculator - User's choice is: 5
2023-03-30 18:43:18.342 [main] FATAL org.calculator.Calculator - User is exiting the calculator application.
